[2023-08-01T17:44:04.038Z] [j.DeserializerTest] [INFO ] - [Publisher{name='Wiley Group', books=[Book{author='Stephen King', title='The Green Mile', price =18.0}, Book{author='J. D. Salinger', title='The Catcher in the Rye', price =25.0}, Book{author='Issac Asimov', title='I, Robot', price =15.0}]}, Publisher{name='Time Publishing', books=[Book{author='Isaac Asimov', title='Foundation Novels', price =30.0}, Book{author='Oscar Wilde', title='Pygmalion', price =10.0}]}, Publisher{name='Amazon', books=[Book{author='Frank Herbert', title='Dune', price =25.0}, Book{author='Frank Herbert', title='Dune Messiah', price =12.0}]}]
[2023-08-01T17:46:38.278Z] [j.DeserializerTest] [INFO ] - [Publisher{name='Wiley Group', books=[Book{author='Stephen King', title='The Green Mile', price =18.0}, Book{author='J. D. Salinger', title='The Catcher in the Rye', price =25.0}, Book{author='Issac Asimov', title='I, Robot', price =15.0}]}, Publisher{name='Time Publishing', books=[Book{author='Isaac Asimov', title='Foundation Novels', price =30.0}, Book{author='Oscar Wilde', title='Pygmalion', price =10.0}]}, Publisher{name='Amazon', books=[Book{author='Frank Herbert', title='Dune', price =25.0}, Book{author='Frank Herbert', title='Dune Messiah', price =12.0}]}]
[2023-08-01T17:46:38.397Z] [c.m.t.x.XpathReader] [INFO ] - Node: [#text: Pygmalion], currentTime: 2023-08-01 14:46:38
[2023-08-01T17:46:38.406Z] [c.m.t.e.ErrorHandler] [INFO ] - Exception of class: class javax.xml.xpath.XPathExpressionException with problem on: javax.xml.transform.TransformerException: misquoted literal... expected single quote!
[2023-08-01T17:46:38.408Z] [c.m.t.e.ErrorHandler] [INFO ] - Exception of class: class java.io.FileNotFoundException with problem on: notifyActivati.xml (No such file or directory)
[2023-08-01T17:46:38.415Z] [c.m.t.e.ErrorHandler] [INFO ] - Exception of class: class org.xml.sax.SAXParseException with problem on: The element type "soapenv:Envelope" must be terminated by the matching end-tag "</soapenv:Envelope>".
[2023-08-01T17:48:26.872Z] [j.DeserializerTest] [INFO ] - [Publisher{name='Wiley Group', books=[Book{author='Stephen King', title='The Green Mile', price =18.0}, Book{author='J. D. Salinger', title='The Catcher in the Rye', price =25.0}, Book{author='Issac Asimov', title='I, Robot', price =15.0}]}, Publisher{name='Time Publishing', books=[Book{author='Isaac Asimov', title='Foundation Novels', price =30.0}, Book{author='Oscar Wilde', title='Pygmalion', price =10.0}]}, Publisher{name='Amazon', books=[Book{author='Frank Herbert', title='Dune', price =25.0}, Book{author='Frank Herbert', title='Dune Messiah', price =12.0}]}]
[2023-08-01T17:48:26.971Z] [c.m.t.x.XpathReader] [INFO ] - Node: [#text: Pygmalion], currentTime: 2023-08-01 14:48:26
[2023-08-01T17:48:26.980Z] [c.m.t.e.ErrorHandler] [INFO ] - Exception of class: class javax.xml.xpath.XPathExpressionException with problem on: javax.xml.transform.TransformerException: misquoted literal... expected single quote!
[2023-08-01T17:48:26.982Z] [c.m.t.e.ErrorHandler] [INFO ] - Exception of class: class java.io.FileNotFoundException with problem on: notifyActivati.xml (No such file or directory)
[2023-08-01T17:48:27.021Z] [c.m.t.e.ErrorHandler] [INFO ] - Exception of class: class org.xml.sax.SAXParseException with problem on: The element type "soapenv:Envelope" must be terminated by the matching end-tag "</soapenv:Envelope>".
[2023-08-01T17:55:52.919Z] [j.DeserializerTest] [INFO ] - [Publisher{name='Wiley Group', books=[Book{author='Stephen King', title='The Green Mile', price =18.0}, Book{author='J. D. Salinger', title='The Catcher in the Rye', price =25.0}, Book{author='Issac Asimov', title='I, Robot', price =15.0}]}, Publisher{name='Time Publishing', books=[Book{author='Isaac Asimov', title='Foundation Novels', price =30.0}, Book{author='Oscar Wilde', title='Pygmalion', price =10.0}]}, Publisher{name='Amazon', books=[Book{author='Frank Herbert', title='Dune', price =25.0}, Book{author='Frank Herbert', title='Dune Messiah', price =12.0}]}]
[2023-08-01T17:55:53.083Z] [c.m.t.x.XpathReader] [INFO ] - Node: [#text: Pygmalion], currentTime: 2023-08-01 14:55:53
[2023-08-01T17:55:53.098Z] [c.m.t.e.ErrorHandler] [INFO ] - Exception of class: class javax.xml.xpath.XPathExpressionException with problem on: javax.xml.transform.TransformerException: misquoted literal... expected single quote!
[2023-08-01T17:55:53.102Z] [c.m.t.e.ErrorHandler] [INFO ] - Exception of class: class java.io.FileNotFoundException with problem on: notifyActivati.xml (No such file or directory)
[2023-08-01T17:55:53.114Z] [c.m.t.e.ErrorHandler] [INFO ] - Exception of class: class org.xml.sax.SAXParseException with problem on: The element type "soapenv:Envelope" must be terminated by the matching end-tag "</soapenv:Envelope>".
[2023-08-02T15:26:38.636Z] [j.DeserializerTest] [INFO ] - [Publisher{name='Wiley Group', books=[Book{author='Stephen King', title='The Green Mile', price =18.0}, Book{author='J. D. Salinger', title='The Catcher in the Rye', price =25.0}, Book{author='Issac Asimov', title='I, Robot', price =15.0}]}, Publisher{name='Time Publishing', books=[Book{author='Isaac Asimov', title='Foundation Novels', price =30.0}, Book{author='Oscar Wilde', title='Pygmalion', price =10.0}]}, Publisher{name='Amazon', books=[Book{author='Frank Herbert', title='Dune', price =25.0}, Book{author='Frank Herbert', title='Dune Messiah', price =12.0}]}]
[2023-08-02T15:26:38.752Z] [c.m.t.x.XpathReader] [INFO ] - Node: [#text: Pygmalion], currentTime: 2023-08-02 12:26:38
[2023-08-02T15:26:38.780Z] [c.m.t.e.ErrorHandler] [INFO ] - Exception of class: class javax.xml.xpath.XPathExpressionException with problem on: javax.xml.transform.TransformerException: misquoted literal... expected single quote!
[2023-08-02T15:26:38.783Z] [c.m.t.e.ErrorHandler] [INFO ] - Exception of class: class java.io.FileNotFoundException with problem on: notifyActivati.xml (No such file or directory)
[2023-08-02T15:26:38.790Z] [c.m.t.e.ErrorHandler] [INFO ] - Exception of class: class org.xml.sax.SAXParseException with problem on: The element type "soapenv:Envelope" must be terminated by the matching end-tag "</soapenv:Envelope>".
[2023-08-02T17:01:44.865Z] [j.s.DeserializerTest] [INFO ] - [Publisher{name='Wiley Group', books=[Book{author='Stephen King', title='The Green Mile', price =18.0}, Book{author='J. D. Salinger', title='The Catcher in the Rye', price =25.0}, Book{author='Issac Asimov', title='I, Robot', price =15.0}]}, Publisher{name='Time Publishing', books=[Book{author='Isaac Asimov', title='Foundation Novels', price =30.0}, Book{author='Oscar Wilde', title='Pygmalion', price =10.0}]}, Publisher{name='Amazon', books=[Book{author='Frank Herbert', title='Dune', price =25.0}, Book{author='Frank Herbert', title='Dune Messiah', price =12.0}]}]
[2023-08-02T17:01:45.101Z] [c.m.t.x.XpathReader] [INFO ] - Node: [#text: Pygmalion], currentTime: 2023-08-02 14:01:45
[2023-08-02T17:01:45.114Z] [c.m.t.e.ErrorHandler] [INFO ] - Exception of class: class javax.xml.xpath.XPathExpressionException with problem on: javax.xml.transform.TransformerException: misquoted literal... expected single quote!
[2023-08-02T17:01:45.117Z] [c.m.t.e.ErrorHandler] [INFO ] - Exception of class: class java.io.FileNotFoundException with problem on: notifyActivati.xml (No such file or directory)
[2023-08-02T17:01:45.144Z] [c.m.t.e.ErrorHandler] [INFO ] - Exception of class: class org.xml.sax.SAXParseException with problem on: The element type "soapenv:Envelope" must be terminated by the matching end-tag "</soapenv:Envelope>".
[2023-08-03T17:03:28.500Z] [j.s.DeserializerTest] [INFO ] - [Publisher{name='Wiley Group', books=[Book{author='Stephen King', title='The Green Mile', price =18.0}, Book{author='J. D. Salinger', title='The Catcher in the Rye', price =25.0}, Book{author='Issac Asimov', title='I, Robot', price =15.0}]}, Publisher{name='Time Publishing', books=[Book{author='Isaac Asimov', title='Foundation Novels', price =30.0}, Book{author='Oscar Wilde', title='Pygmalion', price =10.0}]}, Publisher{name='Amazon', books=[Book{author='Frank Herbert', title='Dune', price =25.0}, Book{author='Frank Herbert', title='Dune Messiah', price =12.0}]}]
[2023-08-03T17:03:28.698Z] [c.m.t.x.XpathReader] [INFO ] - Node: [#text: Pygmalion], currentTime: 2023-08-03 14:03:28
[2023-08-03T17:03:28.708Z] [c.m.t.e.ErrorHandler] [INFO ] - Exception of class: class javax.xml.xpath.XPathExpressionException with problem on: javax.xml.transform.TransformerException: misquoted literal... expected single quote!
[2023-08-03T17:03:28.711Z] [c.m.t.e.ErrorHandler] [INFO ] - Exception of class: class java.io.FileNotFoundException with problem on: notifyActivati.xml (No such file or directory)
[2023-08-03T17:03:28.720Z] [c.m.t.e.ErrorHandler] [INFO ] - Exception of class: class org.xml.sax.SAXParseException with problem on: The element type "soapenv:Envelope" must be terminated by the matching end-tag "</soapenv:Envelope>".
[2023-08-03T18:13:03.011Z] [j.s.DeserializerTest] [INFO ] - [Publisher{name='Wiley Group', books=[Book{author='Stephen King', title='The Green Mile', price =18.0}, Book{author='J. D. Salinger', title='The Catcher in the Rye', price =25.0}, Book{author='Issac Asimov', title='I, Robot', price =15.0}]}, Publisher{name='Time Publishing', books=[Book{author='Isaac Asimov', title='Foundation Novels', price =30.0}, Book{author='Oscar Wilde', title='Pygmalion', price =10.0}]}, Publisher{name='Amazon', books=[Book{author='Frank Herbert', title='Dune', price =25.0}, Book{author='Frank Herbert', title='Dune Messiah', price =12.0}]}]
[2023-08-03T18:13:03.242Z] [c.m.t.x.XpathReader] [INFO ] - Node: [#text: Pygmalion], currentTime: 2023-08-03 15:13:03
[2023-08-03T18:13:03.272Z] [c.m.t.e.ErrorHandler] [INFO ] - Exception of class: class javax.xml.xpath.XPathExpressionException with problem on: javax.xml.transform.TransformerException: misquoted literal... expected single quote!
[2023-08-03T18:13:03.275Z] [c.m.t.e.ErrorHandler] [INFO ] - Exception of class: class java.io.FileNotFoundException with problem on: notifyActivati.xml (No such file or directory)
[2023-08-03T18:13:03.285Z] [c.m.t.e.ErrorHandler] [INFO ] - Exception of class: class org.xml.sax.SAXParseException with problem on: The element type "soapenv:Envelope" must be terminated by the matching end-tag "</soapenv:Envelope>".
[2023-08-03T18:13:03.356Z] [c.m.t.e.ErrorHandler] [INFO ] - Exception of class: class javax.xml.bind.JAXBException with problem on: Implementation of JAXB-API has not been found on module path or classpath.
[2023-08-03T18:15:06.154Z] [j.s.DeserializerTest] [INFO ] - [Publisher{name='Wiley Group', books=[Book{author='Stephen King', title='The Green Mile', price =18.0}, Book{author='J. D. Salinger', title='The Catcher in the Rye', price =25.0}, Book{author='Issac Asimov', title='I, Robot', price =15.0}]}, Publisher{name='Time Publishing', books=[Book{author='Isaac Asimov', title='Foundation Novels', price =30.0}, Book{author='Oscar Wilde', title='Pygmalion', price =10.0}]}, Publisher{name='Amazon', books=[Book{author='Frank Herbert', title='Dune', price =25.0}, Book{author='Frank Herbert', title='Dune Messiah', price =12.0}]}]
[2023-08-03T18:15:06.386Z] [c.m.t.x.XpathReader] [INFO ] - Node: [#text: Pygmalion], currentTime: 2023-08-03 15:15:06
[2023-08-03T18:15:06.410Z] [c.m.t.e.ErrorHandler] [INFO ] - Exception of class: class javax.xml.xpath.XPathExpressionException with problem on: javax.xml.transform.TransformerException: misquoted literal... expected single quote!
[2023-08-03T18:15:06.418Z] [c.m.t.e.ErrorHandler] [INFO ] - Exception of class: class java.io.FileNotFoundException with problem on: notifyActivati.xml (No such file or directory)
[2023-08-03T18:15:06.425Z] [c.m.t.e.ErrorHandler] [INFO ] - Exception of class: class org.xml.sax.SAXParseException with problem on: The element type "soapenv:Envelope" must be terminated by the matching end-tag "</soapenv:Envelope>".
